<?xml version="1.0" encoding="UTF-8"?>
<testng-results skipped="0" failed="0" total="2" passed="2">
  <reporter-output>
  </reporter-output>
  <suite name="Grid" duration-ms="47753" started-at="2017-02-08T14:42:54Z" finished-at="2017-02-08T14:43:41Z">
    <groups>
    </groups>
    <test name="on chrome" duration-ms="28155" started-at="2017-02-08T14:42:54Z" finished-at="2017-02-08T14:43:22Z">
      <class name="grid.GridEg1">
        <test-method status="PASS" signature="test(java.lang.String)[pri:0, instance:grid.GridEg1@30a16748]" name="test" duration-ms="28100" started-at="2017-02-08T20:12:54Z" finished-at="2017-02-08T20:13:22Z">
          <params>
            <param index="0">
              <value>
                <![CDATA[chrome]]>
              </value>
            </param>
          </params>
          <reporter-output>
          </reporter-output>
        </test-method> <!-- test -->
      </class> <!-- grid.GridEg1 -->
    </test> <!-- on chrome -->
    <test name="on firefox" duration-ms="47753" started-at="2017-02-08T14:42:54Z" finished-at="2017-02-08T14:43:41Z">
      <class name="grid.GridEg1">
        <test-method status="PASS" signature="test(java.lang.String)[pri:0, instance:grid.GridEg1@2e55d1ef]" name="test" duration-ms="47702" started-at="2017-02-08T20:12:54Z" finished-at="2017-02-08T20:13:41Z">
          <params>
            <param index="0">
              <value>
                <![CDATA[firefox]]>
              </value>
            </param>
          </params>
          <reporter-output>
          </reporter-output>
        </test-method> <!-- test -->
      </class> <!-- grid.GridEg1 -->
    </test> <!-- on firefox -->
  </suite> <!-- Grid -->
</testng-results>
